*** dummy entry ***Wed 06 Jan 2010 19:25:52 PST - AutoInstall: **** Start Installation **** 
Wed 06 Jan 2010 19:25:52 PST - AutoInstall: Creating group Bad Behavior2 Admin... 
Wed 06 Jan 2010 19:25:52 PST - AutoInstall: No default config found: plugin_load_configuration_bad_behavior2 
Wed 06 Jan 2010 19:25:52 PST - AutoInstall: Registering Bad Behavior2 plugin with glFusion 
Wed 06 Jan 2010 19:25:52 PST - AutoInstall: No post installation routine found. 
Wed 06 Jan 2010 19:25:52 PST - AutoInstall: **** END Installation **** 
Wed 06 Jan 2010 19:25:52 PST - AutoInstall: **** Start Installation **** 
Wed 06 Jan 2010 19:25:52 PST - AutoInstall: Creating table gl_cp_sessions... 
Wed 06 Jan 2010 19:25:52 PST - AutoInstall: Registering CAPTCHA plugin with glFusion 
Wed 06 Jan 2010 19:25:52 PST - AutoInstall: No post installation routine found. 
Wed 06 Jan 2010 19:25:52 PST - AutoInstall: **** END Installation **** 
Wed 06 Jan 2010 19:25:52 PST - AutoInstall: **** Start Installation **** 
Wed 06 Jan 2010 19:25:52 PST - AutoInstall: No default config found: plugin_load_configuration_commentfeeds 
Wed 06 Jan 2010 19:25:52 PST - AutoInstall: Registering Comment Feeds plugin with glFusion 
Wed 06 Jan 2010 19:25:52 PST - AutoInstall: No post installation routine found. 
Wed 06 Jan 2010 19:25:52 PST - AutoInstall: **** END Installation **** 
Wed 06 Jan 2010 19:25:52 PST - AutoInstall: **** Start Installation **** 
Wed 06 Jan 2010 19:25:52 PST - AutoInstall: Creating table gl_st_config... 
Wed 06 Jan 2010 19:25:52 PST - AutoInstall: Creating table gl_st_menus... 
Wed 06 Jan 2010 19:25:52 PST - AutoInstall: Creating table gl_st_menus_config... 
Wed 06 Jan 2010 19:25:52 PST - AutoInstall: Creating table gl_st_menu_elements... 
Wed 06 Jan 2010 19:25:52 PST - AutoInstall: Creating group sitetailor Admin... 
Wed 06 Jan 2010 19:25:52 PST - AutoInstall: Creating feature sitetailor.admin... 
Wed 06 Jan 2010 19:25:52 PST - AutoInstall: Adding feature to the admin group 
Wed 06 Jan 2010 19:25:52 PST - AutoInstall: Creating block blockmenu... 
Wed 06 Jan 2010 19:25:52 PST - AutoInstall: No default config found: plugin_load_configuration_sitetailor 
Wed 06 Jan 2010 19:25:52 PST - AutoInstall: Registering Site Tailor plugin with glFusion 
Wed 06 Jan 2010 19:25:52 PST - AutoInstall: No post installation routine found. 
Wed 06 Jan 2010 19:25:52 PST - AutoInstall: **** END Installation **** 
Wed 06 Jan 2010 19:25:52 PST - AutoInstall: **** Start Installation **** 
Wed 06 Jan 2010 19:25:52 PST - AutoInstall: Creating table gl_spamx... 
Wed 06 Jan 2010 19:25:52 PST - AutoInstall: Creating group spamx Admin... 
Wed 06 Jan 2010 19:25:52 PST - AutoInstall: Creating feature spamx.admin... 
Wed 06 Jan 2010 19:25:52 PST - AutoInstall: Adding feature to the admin group 
Wed 06 Jan 2010 19:25:52 PST - AutoInstall: Registering SpamX plugin with glFusion 
Wed 06 Jan 2010 19:25:52 PST - AutoInstall: **** END Installation **** 
Wed 06 Jan 2010 19:25:52 PST - AutoInstall: **** Start Installation **** 
Wed 06 Jan 2010 19:25:52 PST - AutoInstall: Creating table gl_staticpage... 
Wed 06 Jan 2010 19:25:52 PST - AutoInstall: Creating group staticpages Admin... 
Wed 06 Jan 2010 19:25:52 PST - AutoInstall: Creating feature staticpages.edit... 
Wed 06 Jan 2010 19:25:52 PST - AutoInstall: Creating feature staticpages.delete... 
Wed 06 Jan 2010 19:25:52 PST - AutoInstall: Creating feature staticpages.PHP... 
Wed 06 Jan 2010 19:25:52 PST - AutoInstall: Adding feature to the admin group 
Wed 06 Jan 2010 19:25:52 PST - AutoInstall: Adding feature to the admin group 
Wed 06 Jan 2010 19:25:52 PST - AutoInstall: Adding feature to the admin group 
Wed 06 Jan 2010 19:25:52 PST - AutoInstall: Registering Static Pages plugin with glFusion 
Wed 06 Jan 2010 19:25:52 PST - AutoInstall: No post installation routine found. 
Wed 06 Jan 2010 19:25:52 PST - AutoInstall: **** END Installation **** 
Wed 06 Jan 2010 19:25:54 PST - AutoInstall: **** Start Installation **** 
Wed 06 Jan 2010 19:25:54 PST - AutoInstall: Creating table gl_events... 
Wed 06 Jan 2010 19:25:54 PST - AutoInstall: Creating table gl_eventsubmission... 
Wed 06 Jan 2010 19:25:54 PST - AutoInstall: Creating table gl_personal_events... 
Wed 06 Jan 2010 19:25:54 PST - AutoInstall: Creating group calendar Admin... 
Wed 06 Jan 2010 19:25:54 PST - AutoInstall: Creating feature calendar.edit... 
Wed 06 Jan 2010 19:25:54 PST - AutoInstall: Creating feature calendar.moderate... 
Wed 06 Jan 2010 19:25:54 PST - AutoInstall: Creating feature calendar.submit... 
Wed 06 Jan 2010 19:25:54 PST - AutoInstall: Adding feature to the admin group 
Wed 06 Jan 2010 19:25:54 PST - AutoInstall: Adding feature to the admin group 
Wed 06 Jan 2010 19:25:54 PST - AutoInstall: Adding feature to the admin group 
Wed 06 Jan 2010 19:25:54 PST - AutoInstall: Creating block block_calevents... 
Wed 06 Jan 2010 19:25:54 PST - AutoInstall: Registering Calendar plugin with glFusion 
Wed 06 Jan 2010 19:25:54 PST - AutoInstall: **** END Installation **** 
Wed 06 Jan 2010 19:25:54 PST - AutoInstall: **** Start Installation **** 
Wed 06 Jan 2010 19:25:54 PST - AutoInstall: Creating table gl_filemgmt_category... 
Wed 06 Jan 2010 19:25:54 PST - AutoInstall: Creating table gl_filemgmt_filedetail... 
Wed 06 Jan 2010 19:25:54 PST - AutoInstall: Creating table gl_filemgmt_filedesc... 
Wed 06 Jan 2010 19:25:54 PST - AutoInstall: Creating table gl_filemgmt_broken... 
Wed 06 Jan 2010 19:25:54 PST - AutoInstall: Creating table gl_filemgmt_votedata... 
Wed 06 Jan 2010 19:25:54 PST - AutoInstall: Creating table gl_filemgmt_downloadhistory... 
Wed 06 Jan 2010 19:25:54 PST - AutoInstall: Creating group filemgmt Admin... 
Wed 06 Jan 2010 19:25:54 PST - AutoInstall: Creating feature filemgmt.user... 
Wed 06 Jan 2010 19:25:54 PST - AutoInstall: Creating feature filemgmt.edit... 
Wed 06 Jan 2010 19:25:54 PST - AutoInstall: Creating feature filemgmt.upload... 
Wed 06 Jan 2010 19:25:54 PST - AutoInstall: Adding feature to the admin group 
Wed 06 Jan 2010 19:25:54 PST - AutoInstall: Adding feature to the admin group 
Wed 06 Jan 2010 19:25:54 PST - AutoInstall: Adding feature to the admin group 
Wed 06 Jan 2010 19:25:54 PST - AutoInstall: Registering FileMgmt plugin with glFusion 
Wed 06 Jan 2010 19:25:54 PST - AutoInstall: No post installation routine found. 
Wed 06 Jan 2010 19:25:54 PST - AutoInstall: **** END Installation **** 
Wed 06 Jan 2010 19:25:54 PST - AutoInstall: **** Start Installation **** 
Wed 06 Jan 2010 19:25:54 PST - AutoInstall: Creating table gl_forum_categories... 
Wed 06 Jan 2010 19:25:54 PST - AutoInstall: Creating table gl_forum_forums... 
Wed 06 Jan 2010 19:25:54 PST - AutoInstall: Creating table gl_forum_topic... 
Wed 06 Jan 2010 19:25:54 PST - AutoInstall: Creating table gl_forum_log... 
Wed 06 Jan 2010 19:25:54 PST - AutoInstall: Creating table gl_forum_moderators... 
Wed 06 Jan 2010 19:25:54 PST - AutoInstall: Creating table gl_forum_userprefs... 
Wed 06 Jan 2010 19:25:54 PST - AutoInstall: Creating table gl_forum_watch... 
Wed 06 Jan 2010 19:25:54 PST - AutoInstall: Creating table gl_forum_banned_ip... 
Wed 06 Jan 2010 19:25:54 PST - AutoInstall: Creating table gl_forum_userinfo... 
Wed 06 Jan 2010 19:25:54 PST - AutoInstall: Creating table gl_forum_bookmarks... 
Wed 06 Jan 2010 19:25:54 PST - AutoInstall: Creating table gl_forum_attachments... 
Wed 06 Jan 2010 19:25:54 PST - AutoInstall: Creating table gl_forum_rating_assoc... 
Wed 06 Jan 2010 19:25:54 PST - AutoInstall: Creating group forum Admin... 
Wed 06 Jan 2010 19:25:54 PST - AutoInstall: Creating feature forum.edit... 
Wed 06 Jan 2010 19:25:54 PST - AutoInstall: Creating feature forum.user... 
Wed 06 Jan 2010 19:25:54 PST - AutoInstall: Creating feature forum.html... 
Wed 06 Jan 2010 19:25:54 PST - AutoInstall: Adding feature to the admin group 
Wed 06 Jan 2010 19:25:54 PST - AutoInstall: Adding feature to the admin group 
Wed 06 Jan 2010 19:25:54 PST - AutoInstall: Adding feature to the admin group 
Wed 06 Jan 2010 19:25:54 PST - AutoInstall: Creating block forum_news... 
Wed 06 Jan 2010 19:25:54 PST - AutoInstall: Creating block forum_menu... 
Wed 06 Jan 2010 19:25:54 PST - AutoInstall: Registering Forum plugin with glFusion 
Wed 06 Jan 2010 19:25:54 PST - AutoInstall: No post installation routine found. 
Wed 06 Jan 2010 19:25:54 PST - AutoInstall: **** END Installation **** 
Wed 06 Jan 2010 19:25:54 PST - AutoInstall: **** Start Installation **** 
Wed 06 Jan 2010 19:25:54 PST - AutoInstall: Creating table gl_linkcategories... 
Wed 06 Jan 2010 19:25:54 PST - AutoInstall: Creating table gl_links... 
Wed 06 Jan 2010 19:25:54 PST - AutoInstall: Creating table gl_linksubmission... 
Wed 06 Jan 2010 19:25:54 PST - AutoInstall: Creating group links Admin... 
Wed 06 Jan 2010 19:25:54 PST - AutoInstall: Creating feature links.edit... 
Wed 06 Jan 2010 19:25:54 PST - AutoInstall: Creating feature links.moderate... 
Wed 06 Jan 2010 19:25:54 PST - AutoInstall: Creating feature links.submit... 
Wed 06 Jan 2010 19:25:54 PST - AutoInstall: Adding feature to the admin group 
Wed 06 Jan 2010 19:25:54 PST - AutoInstall: Adding feature to the admin group 
Wed 06 Jan 2010 19:25:54 PST - AutoInstall: Adding feature to the admin group 
Wed 06 Jan 2010 19:25:54 PST - AutoInstall: Registering Links plugin with glFusion 
Wed 06 Jan 2010 19:25:54 PST - AutoInstall: No post installation routine found. 
Wed 06 Jan 2010 19:25:54 PST - AutoInstall: **** END Installation **** 
Wed 06 Jan 2010 19:25:55 PST - AutoInstall: **** Start Installation **** 
Wed 06 Jan 2010 19:25:55 PST - AutoInstall: Creating table gl_mg_albums... 
Wed 06 Jan 2010 19:25:55 PST - AutoInstall: Creating table gl_mg_config... 
Wed 06 Jan 2010 19:25:55 PST - AutoInstall: Creating table gl_mg_media... 
Wed 06 Jan 2010 19:25:55 PST - AutoInstall: Creating table gl_mg_media_queue... 
Wed 06 Jan 2010 19:25:55 PST - AutoInstall: Creating table gl_mg_media_albums... 
Wed 06 Jan 2010 19:25:55 PST - AutoInstall: Creating table gl_mg_media_album_queue... 
Wed 06 Jan 2010 19:25:55 PST - AutoInstall: Creating table gl_mg_playback_options... 
Wed 06 Jan 2010 19:25:55 PST - AutoInstall: Creating table gl_mg_usage_tracking... 
Wed 06 Jan 2010 19:25:55 PST - AutoInstall: Creating table gl_mg_userprefs... 
Wed 06 Jan 2010 19:25:55 PST - AutoInstall: Creating table gl_mg_watermarks... 
Wed 06 Jan 2010 19:25:55 PST - AutoInstall: Creating table gl_mg_batch_session_items... 
Wed 06 Jan 2010 19:25:55 PST - AutoInstall: Creating table gl_mg_batch_session_items2... 
Wed 06 Jan 2010 19:25:55 PST - AutoInstall: Creating table gl_mg_batch_session_log... 
Wed 06 Jan 2010 19:25:55 PST - AutoInstall: Creating table gl_mg_batch_sessions... 
Wed 06 Jan 2010 19:25:55 PST - AutoInstall: Creating table gl_mg_category... 
Wed 06 Jan 2010 19:25:55 PST - AutoInstall: Creating table gl_mg_sort... 
Wed 06 Jan 2010 19:25:55 PST - AutoInstall: Creating table gl_mg_postcard... 
Wed 06 Jan 2010 19:25:55 PST - AutoInstall: Creating table gl_mg_rating... 
Wed 06 Jan 2010 19:25:55 PST - AutoInstall: Creating table gl_mg_exif_tags... 
Wed 06 Jan 2010 19:25:55 PST - AutoInstall: Creating group mediagallery Admin... 
Wed 06 Jan 2010 19:25:55 PST - AutoInstall: Creating feature mediagallery.admin... 
Wed 06 Jan 2010 19:25:55 PST - AutoInstall: Creating feature mediagallery.config... 
Wed 06 Jan 2010 19:25:55 PST - AutoInstall: Adding feature to the admin group 
Wed 06 Jan 2010 19:25:55 PST - AutoInstall: Adding feature to the admin group 
Wed 06 Jan 2010 19:25:55 PST - AutoInstall: Creating block mgrandom... 
Wed 06 Jan 2010 19:25:55 PST - AutoInstall: Creating block mgenroll... 
Wed 06 Jan 2010 19:25:55 PST - AutoInstall: No default config found: plugin_load_configuration_mediagallery 
Wed 06 Jan 2010 19:25:55 PST - AutoInstall: Registering Media Gallery plugin with glFusion 
Wed 06 Jan 2010 19:25:55 PST - AutoInstall: No post installation routine found. 
Wed 06 Jan 2010 19:25:55 PST - AutoInstall: **** END Installation **** 
Wed 06 Jan 2010 19:25:55 PST - AutoInstall: **** Start Installation **** 
Wed 06 Jan 2010 19:25:55 PST - AutoInstall: Creating table gl_pollanswers... 
Wed 06 Jan 2010 19:25:55 PST - AutoInstall: Creating table gl_pollquestions... 
Wed 06 Jan 2010 19:25:55 PST - AutoInstall: Creating table gl_polltopics... 
Wed 06 Jan 2010 19:25:55 PST - AutoInstall: Creating table gl_pollvoters... 
Wed 06 Jan 2010 19:25:55 PST - AutoInstall: Creating group polls Admin... 
Wed 06 Jan 2010 19:25:55 PST - AutoInstall: Creating feature polls.edit... 
Wed 06 Jan 2010 19:25:55 PST - AutoInstall: Adding feature to the admin group 
Wed 06 Jan 2010 19:25:55 PST - AutoInstall: Creating block polls_block... 
Wed 06 Jan 2010 19:25:55 PST - AutoInstall: Registering Polls plugin with glFusion 
Wed 06 Jan 2010 19:25:55 PST - AutoInstall: No post installation routine found. 
Wed 06 Jan 2010 19:25:55 PST - AutoInstall: **** END Installation **** 
